2013-04-06T16:25:57+00:00 app[web.1]: 	from /app/vendor/bundle/ruby/1.9.1/gems/activesupport-3.2.13/lib/active_support/dependencies.rb:251:in `require'
2013-04-06T16:25:57+00:00 app[web.1]: 	from /app/vendor/bundle/ruby/1.9.1/gems/activerecord-3.2.13/lib/active_record/connection_adapters/abstract/connection_specification.rb:27:in `spec'
2013-04-06T16:25:57+00:00 app[web.1]: 	from /app/vendor/bundle/ruby/1.9.1/gems/backports-3.3.0/lib/backports/tools.rb:328:in `require_with_backports'
2013-04-06T16:25:57+00:00 app[web.1]: 	from /app/vendor/bundle/ruby/1.9.1/gems/activesupport-3.2.13/lib/active_support/dependencies.rb:251:in `block in require'
2013-04-06T16:25:57+00:00 app[web.1]: 	from /app/vendor/bundle/ruby/1.9.1/gems/activerecord-3.2.13/lib/active_record/connection_adapters/abstract/connection_specification.rb:41:in `resolve_string_connection'
2013-04-06T16:25:57+00:00 app[web.1]: 	from /app/vendor/bundle/ruby/1.9.1/gems/backports-3.3.0/lib/backports/tools.rb:328:in `require'
2013-04-06T16:25:57+00:00 app[web.1]: 	from /app/sinatra.rb:10:in `<top (required)>'
2013-04-06T16:25:57+00:00 app[web.1]: 	from /app/vendor/bundle/ruby/1.9.1/gems/activerecord-3.2.13/lib/active_record/connection_adapters/abstract/connection_specification.rb:50:in `resolve_hash_connection'
2013-04-06T16:25:57+00:00 app[web.1]: 	from /app/vendor/bundle/ruby/1.9.1/gems/composite_primary_keys-5.0.12/lib/composite_primary_keys/connection_adapters/abstract/connection_specification_changes.rb:11:in `establish_connection'
2013-04-06T16:25:57+00:00 app[web.1]: 	from /app/vendor/bundle/ruby/1.9.1/gems/backports-3.3.0/lib/backports/tools.rb:328:in `require_with_backports'
2013-04-06T16:25:57+00:00 app[web.1]: 	from /app/vendor/bundle/ruby/1.9.1/gems/activesupport-3.2.13/lib/active_support/dependencies.rb:251:in `block in require'
2013-04-06T16:25:57+00:00 app[web.1]: 	from /app/vendor/bundle/ruby/1.9.1/gems/rack-1.5.2/lib/rack/builder.rb:49:in `eval'
2013-04-06T16:25:57+00:00 app[web.1]: 	from /app/vendor/bundle/ruby/1.9.1/gems/activesupport-3.2.13/lib/active_support/dependencies.rb:251:in `require'
2013-04-06T16:25:57+00:00 app[web.1]: 	from /app/vendor/bundle/ruby/1.9.1/gems/rack-1.5.2/lib/rack/builder.rb:55:in `instance_eval'
2013-04-06T16:25:57+00:00 app[web.1]: 	from /app/vendor/bundle/ruby/1.9.1/gems/activesupport-3.2.13/lib/active_support/dependencies.rb:236:in `load_dependency'
2013-04-06T16:25:57+00:00 app[web.1]: 	from /app/config.ru:in `<main>'
2013-04-06T16:25:57+00:00 app[web.1]: 	from /app/vendor/bundle/ruby/1.9.1/gems/rack-1.5.2/lib/rack/builder.rb:55:in `initialize'
2013-04-06T16:25:57+00:00 app[web.1]: 	from /app/config.ru:4:in `block in <main>'
2013-04-06T16:25:57+00:00 app[web.1]: 	from /app/config.ru:in `new'
2013-04-06T16:25:57+00:00 app[web.1]: 	from /app/vendor/bundle/ruby/1.9.1/gems/rack-1.5.2/lib/rack/builder.rb:49:in `new_from_string'
2013-04-06T16:25:57+00:00 app[web.1]: 	from /app/vendor/bundle/ruby/1.9.1/gems/rack-1.5.2/lib/rack/server.rb:199:in `app'
2013-04-06T16:25:57+00:00 app[web.1]: 	from /app/vendor/bundle/ruby/1.9.1/gems/rack-1.5.2/lib/rack/server.rb:277:in `build_app_and_options_from_config'
2013-04-06T16:25:57+00:00 app[web.1]: 	from /app/vendor/bundle/ruby/1.9.1/bin/rackup:19:in `load'
2013-04-06T16:25:57+00:00 app[web.1]: 	from /app/vendor/bundle/ruby/1.9.1/bin/rackup:19:in `<main>'
2013-04-06T16:25:57+00:00 app[web.1]: 	from /app/vendor/bundle/ruby/1.9.1/gems/rack-1.5.2/lib/rack/server.rb:250:in `start'
2013-04-06T16:25:57+00:00 app[web.1]: 	from /app/vendor/bundle/ruby/1.9.1/gems/rack-1.5.2/lib/rack/server.rb:314:in `wrapped_app'
2013-04-06T16:25:57+00:00 app[web.1]: 	from /app/vendor/bundle/ruby/1.9.1/gems/rack-1.5.2/lib/rack/server.rb:141:in `start'
2013-04-06T16:25:57+00:00 app[web.1]: 	from /app/vendor/bundle/ruby/1.9.1/gems/rack-1.5.2/lib/rack/builder.rb:40:in `parse_file'
2013-04-06T16:25:57+00:00 app[web.1]: 	from /app/vendor/bundle/ruby/1.9.1/gems/rack-1.5.2/bin/rackup:4:in `<top (required)>'
2013-04-06T16:25:58+00:00 heroku[web.1]: State changed from starting to crashed
2013-04-06T16:25:58+00:00 heroku[web.1]: Process exited with status 1
2013-04-06T16:27:52+00:00 heroku[slugc]: Slug compilation started
2013-04-06T16:28:28+00:00 heroku[api]: Release v7 created by stooner.hoe@gmail.com
2013-04-06T16:28:28+00:00 heroku[api]: Deploy bad9dae by stooner.hoe@gmail.com
2013-04-06T16:28:28+00:00 heroku[web.1]: State changed from crashed to starting
2013-04-06T16:28:28+00:00 heroku[slugc]: Slug compilation finished
2013-04-06T16:28:30+00:00 heroku[web.1]: Starting process with command `bundle exec rackup config.ru -p 38871`
2013-04-06T16:28:32+00:00 app[web.1]: 	from /app/vendor/bundle/ruby/1.9.1/gems/activesupport-3.2.13/lib/active_support/dependencies.rb:251:in `block in require'
2013-04-06T16:28:32+00:00 app[web.1]: 	from /app/vendor/bundle/ruby/1.9.1/gems/backports-3.3.0/lib/backports/tools.rb:328:in `require_with_backports'
2013-04-06T16:28:32+00:00 app[web.1]: 	from /app/vendor/bundle/ruby/1.9.1/gems/activesupport-3.2.13/lib/active_support/dependencies.rb:236:in `load_dependency'
2013-04-06T16:28:32+00:00 app[web.1]: 	from /app/vendor/bundle/ruby/1.9.1/gems/backports-3.3.0/lib/backports/tools.rb:328:in `require_with_backports'
2013-04-06T16:28:32+00:00 app[web.1]: 	from /app/vendor/bundle/ruby/1.9.1/gems/activerecord-jdbc-adapter-1.2.9/lib/arjdbc/jdbc/java.rb:1:in `<top (required)>'
2013-04-06T16:28:32+00:00 app[web.1]: 	from /app/vendor/bundle/ruby/1.9.1/gems/backports-3.3.0/lib/backports/tools.rb:328:in `require'
2013-04-06T16:28:32+00:00 app[web.1]: 	from /app/vendor/bundle/ruby/1.9.1/gems/activesupport-3.2.13/lib/active_support/dependencies.rb:251:in `require'
2013-04-06T16:28:32+00:00 app[web.1]: 	from /app/vendor/bundle/ruby/1.9.1/gems/backports-3.3.0/lib/backports/tools.rb:328:in `require'
2013-04-06T16:28:32+00:00 app[web.1]: 	from /app/vendor/bundle/ruby/1.9.1/gems/activesupport-3.2.13/lib/active_support/dependencies.rb:251:in `block in require'
2013-04-06T16:28:32+00:00 app[web.1]: 	from /app/vendor/bundle/ruby/1.9.1/gems/backports-3.3.0/lib/backports/tools.rb:328:in `require_with_backports'
2013-04-06T16:28:32+00:00 app[web.1]: /app/vendor/bundle/ruby/1.9.1/gems/backports-3.3.0/lib/backports/tools.rb:328:in `require': Please install the postgresql adapter: `gem install activerecord-postgresql-adapter` (no such file to load -- java) (LoadError)
2013-04-06T16:28:32+00:00 app[web.1]: 	from /app/vendor/bundle/ruby/1.9.1/gems/activesupport-3.2.13/lib/active_support/dependencies.rb:236:in `load_dependency'
2013-04-06T16:28:32+00:00 app[web.1]: 	from /app/vendor/bundle/ruby/1.9.1/gems/activesupport-3.2.13/lib/active_support/dependencies.rb:251:in `require'
2013-04-06T16:28:32+00:00 app[web.1]: 	from /app/vendor/bundle/ruby/1.9.1/gems/activesupport-3.2.13/lib/active_support/dependencies.rb:236:in `load_dependency'
2013-04-06T16:28:32+00:00 app[web.1]: 	from /app/vendor/bundle/ruby/1.9.1/gems/activerecord-jdbc-adapter-1.2.9/lib/arjdbc/jdbc.rb:1:in `<top (required)>'
2013-04-06T16:28:32+00:00 app[web.1]: 	from /app/vendor/bundle/ruby/1.9.1/gems/activesupport-3.2.13/lib/active_support/dependencies.rb:251:in `require'
2013-04-06T16:28:32+00:00 app[web.1]: 	from /app/vendor/bundle/ruby/1.9.1/gems/activesupport-3.2.13/lib/active_support/dependencies.rb:236:in `load_dependency'
2013-04-06T16:28:32+00:00 app[web.1]: 	from /app/vendor/bundle/ruby/1.9.1/gems/activesupport-3.2.13/lib/active_support/dependencies.rb:251:in `block in require'
2013-04-06T16:28:32+00:00 app[web.1]: 	from /app/vendor/bundle/ruby/1.9.1/gems/activesupport-3.2.13/lib/active_support/dependencies.rb:236:in `load_dependency'
2013-04-06T16:28:32+00:00 app[web.1]: 	from /app/vendor/bundle/ruby/1.9.1/gems/activerecord-jdbc-adapter-1.2.9/lib/arjdbc/postgresql.rb:1:in `<top (required)>'
2013-04-06T16:28:32+00:00 app[web.1]: 	from /app/vendor/bundle/ruby/1.9.1/gems/activerecord-jdbc-adapter-1.2.9/lib/active_record/connection_adapters/postgresql_adapter.rb:1:in `<top (required)>'
2013-04-06T16:28:32+00:00 app[web.1]: 	from /app/vendor
/bundle/ruby/1.9.1/gems/activesupport-3.2.13/lib/active_support/dependencies.rb:251:in `block in require'
2013-04-06T16:28:32+00:00 app[web.1]: 	from /app/vendor/bundle/ruby/1.9.1/gems/activesupport-3.2.13/lib/active_support/dependencies.rb:251:in `require'
2013-04-06T16:28:32+00:00 app[web.1]: 	from /app/vendor/bundle/ruby/1.9.1/gems/activesupport-3.2.13/lib/active_support/dependencies.rb:236:in `load_dependency'
2013-04-06T16:28:32+00:00 app[web.1]: 	from /app/vendor/bundle/ruby/1.9.1/gems/activerecord-3.2.13/lib/active_record/connection_adapters/abstract/connection_specification.rb:50:in `resolve_hash_connection'
2013-04-06T16:28:32+00:00 app[web.1]: 	from /app/vendor/bundle/ruby/1.9.1/gems/activesupport-3.2.13/lib/active_support/dependencies.rb:251:in `require'
2013-04-06T16:28:32+00:00 app[web.1]: 	from /app/vendor/bundle/ruby/1.9.1/gems/backports-3.3.0/lib/backports/tools.rb:328:in `require'
2013-04-06T16:28:32+00:00 app[web.1]: 	from /app/vendor/bundle/ruby/1.9.1/gems/activesupport-3.2.13/lib/active_support/dependencies.rb:251:in `require'
2013-04-06T16:28:32+00:00 app[web.1]: 	from /app/vendor/bundle/ruby/1.9.1/gems/backports-3.3.0/lib/backports/tools.rb:328:in `require'
2013-04-06T16:28:32+00:00 app[web.1]: 	from /app/vendor/bundle/ruby/1.9.1/gems/activesupport-3.2.13/lib/active_support/dependencies.rb:251:in `block in require'
2013-04-06T16:28:32+00:00 app[web.1]: 	from /app/vendor/bundle/ruby/1.9.1/gems/backports-3.3.0/lib/backports/tools.rb:328:in `require'
2013-04-06T16:28:32+00:00 app[web.1]: 	from /app/vendor/bundle/ruby/1.9.1/gems/activesupport-3.2.13/lib/active_support/dependencies.rb:251:in `block in require'
2013-04-06T16:28:32+00:00 app[web.1]: 	from /app/vendor/bundle/ruby/1.9.1/gems/backports-3.3.0/lib/backports/tools.rb:328:in `require_with_backports'
2013-04-06T16:28:32+00:00 app[web.1]: 	from /app/vendor/bundle/ruby/1.9.1/gems/activerecord-jdbc-adapter-1.2.9/lib/arjdbc/jdbc/adapter.rb:8:in `<top (required)>'
2013-04-06T16:28:32+00:00 app[web.1]: 	from /app/vendor/bundle/ruby/1.9.1/gems/backports-3.3.0/lib/backports/tools.rb:328:in `require_with_backports'
2013-04-06T16:28:32+00:00 app[web.1]: 	from /app/vendor/bundle/ruby/1.9.1/gems/backports-3.3.0/lib/backports/tools.rb:328:in `require'
2013-04-06T16:28:32+00:00 app[web.1]: 	from /app/vendor/bundle/ruby/1.9.1/gems/rack-1.5.2/lib/rack/builder.rb:55:in `instance_eval'
2013-04-06T16:28:32+00:00 app[web.1]: 	from /app/vendor/bundle/ruby/1.9.1/gems/rack-1.5.2/lib/rack/server.rb:314:in `wrapped_app'
2013-04-06T16:28:32+00:00 app[web.1]: 	from /app/vendor/bundle/ruby/1.9.1/gems/activesupport-3.2.13/lib/active_support/dependencies.rb:236:in `load_dependency'
2013-04-06T16:28:32+00:00 app[web.1]: 	from /app/config.ru:4:in `block in <main>'
2013-04-06T16:28:32+00:00 app[web.1]: 	from /app/vendor/bundle/ruby/1.9.1/gems/rack-1.5.2/lib/rack/server.rb:141:in `start'
2013-04-06T16:28:32+00:00 app[web.1]: 	from /app/sinatra.rb:10:in `<top (required)>'
2013-04-06T16:28:32+00:00 app[web.1]: 	from /app/config.ru:in `new'
2013-04-06T16:28:32+00:00 app[web.1]: 	from /app/vendor/bundle/ruby/1.9.1/gems/rack-1.5.2/lib/rack/server.rb:250:in `start'
2013-04-06T16:28:32+00:00 app[web.1]: 	from /app/vendor/bundle/ruby/1.9.1/gems/activerecord-3.2.13/lib/active_record/connection_adapters/abstract/connection_specification.rb:41:in `resolve_string_connection'
2013-04-06T16:28:32+00:00 app[web.1]: 	from /app/vendor/bundle/ruby/1.9.1/gems/activesupport-3.2.13/lib/active_support/dependencies.rb:251:in `require'
2013-04-06T16:28:32+00:00 app[web.1]: 	from /app/vendor/bundle/ruby/1.9.1/gems/rack-1.5.2/bin/rackup:4:in `<top (required)>'
2013-04-06T16:28:32+00:00 app[web.1]: 	from /app/vendor/bundle/ruby/1.9.1/gems/activerecord-3.2.13/lib/active_record/connection_adapters/abstract/connection_specification.rb:27:in `spec'
2013-04-06T16:28:32+00:00 app[web.1]: 	from /app/vendor/bundle/ruby/1.9.1/gems/rack-1.5.2/lib/rack/builder.rb:49:in `eval'
2013-04-06T16:28:32+00:00 app[web.1]: 	from /app/vendor/bundle/ruby/1.9.1/gems/rack-1.5.2/lib/rack/server.rb:277:in `build_app_and_options_from_config'
2013-04-06T16:28:32+00:00 app[web.1]: 	from /app/vendor/bundle/ruby/1.9.1/bin/rackup:19:in `<main>'
2013-04-06T16:28:32+00:00 app[web.1]: 	from /app/vendor/bundle/ruby/1.9.1/bin/rackup:19:in `load'
2013-04-06T16:28:32+00:00 app[web.1]: 	from /app/vendor/bundle/ruby/1.9.1/gems/composite_primary_keys-5.0.12/lib/composite_primary_keys/connection_adapters/abstract/connection_specification_changes.rb:11:in `establish_connection'
2013-04-06T16:28:32+00:00 app[web.1]: 	from /app/config.ru:in `<main>'
2013-04-06T16:28:32+00:00 app[web.1]: 	from /app/vendor/bundle/ruby/1.9.1/gems/rack-1.5.2/lib/rack/server.rb:199:in `app'
2013-04-06T16:28:32+00:00 app[web.1]: 	from /app/vendor/bundle/ruby/1.9.1/gems/backports-3.3.0/lib/backports/tools.rb:328:in `require_with_backports'
2013-04-06T16:28:32+00:00 app[web.1]: 	from /app/vendor/bundle/ruby/1.9.1/gems/rack-1.5.2/lib/rack/builder.rb:55:in `initialize'
2013-04-06T16:28:32+00:00 app[web.1]: 	from /app/vendor/bundle/ruby/1.9.1/gems/rack-1.5.2/lib/rack/builder.rb:40:in `parse_file'
2013-04-06T16:28:32+00:00 app[web.1]: 	from /app/vendor/bundle/ruby/1.9.1/gems/backports-3.3.0/lib/backports/tools.rb:328:in `require_with_backports'
2013-04-06T16:28:32+00:00 app[web.1]: 	from /app/vendor/bundle/ruby/1.9.1/gems/activesupport-3.2.13/lib/active_support/dependencies.rb:251:in `block in require'
2013-04-06T16:28:32+00:00 app[web.1]: 	from /app/vendor/bundle/ruby/1.9.1/gems/rack-1.5.2/lib/rack/builder.rb:49:in `new_from_string'
2013-04-06T16:28:34+00:00 heroku[web.1]: Process exited with status 1
2013-04-06T16:28:34+00:00 heroku[web.1]: State changed from starting to crashed
2013-04-06T16:28:37+00:00 heroku[router]: at=error code=H10 desc="App crashed" method=GET path=/ host=niconico-calendar.herokuapp.com fwd="221.22.27.62" dyno= connect= service= status=503 bytes=
